14-Mar-2025 11:26:33.820 INFO [main] org.apache.catalina.startup.VersionLoggerListener.log Nom version serveur :              Apache Tomcat/9.0.99
14-Mar-2025 11:26:33.822 INFO [main] org.apache.catalina.startup.VersionLoggerListener.log Serveur compilé :                  Feb 4 2025 20:08:08 UTC
14-Mar-2025 11:26:33.823 INFO [main] org.apache.catalina.startup.VersionLoggerListener.log Version du serveur :               9.0.99.0
14-Mar-2025 11:26:33.823 INFO [main] org.apache.catalina.startup.VersionLoggerListener.log Nom de l'OS :                      Windows 11
14-Mar-2025 11:26:33.823 INFO [main] org.apache.catalina.startup.VersionLoggerListener.log Version OS :                       10.0
14-Mar-2025 11:26:33.823 INFO [main] org.apache.catalina.startup.VersionLoggerListener.log Architecture :                     amd64
14-Mar-2025 11:26:33.823 INFO [main] org.apache.catalina.startup.VersionLoggerListener.log Java Home :                        C:\Users\abrad\.jdks\openjdk-23.0.1
14-Mar-2025 11:26:33.823 INFO [main] org.apache.catalina.startup.VersionLoggerListener.log Version JVM :                      23.0.1+11-39
14-Mar-2025 11:26:33.823 INFO [main] org.apache.catalina.startup.VersionLoggerListener.log Fournisseur de la JVM :            Oracle Corporation
14-Mar-2025 11:26:33.823 INFO [main] org.apache.catalina.startup.VersionLoggerListener.log CATALINA_BASE :                    C:\Users\abrad\IdeaProjects\GestionSalleSport
14-Mar-2025 11:26:33.823 INFO [main] org.apache.catalina.startup.VersionLoggerListener.log CATALINA_HOME :                    C:\Program Files\Apache Software Foundation\Tomcat 9.0
14-Mar-2025 11:26:33.829 INFO [main] org.apache.catalina.startup.VersionLoggerListener.log Argument de la ligne de commande : --add-opens=java.base/java.lang=ALL-UNNAMED
14-Mar-2025 11:26:33.830 INFO [main] org.apache.catalina.startup.VersionLoggerListener.log Argument de la ligne de commande : --add-opens=java.base/java.io=ALL-UNNAMED
14-Mar-2025 11:26:33.830 INFO [main] org.apache.catalina.startup.VersionLoggerListener.log Argument de la ligne de commande : --add-opens=java.base/java.util=ALL-UNNAMED
14-Mar-2025 11:26:33.830 INFO [main] org.apache.catalina.startup.VersionLoggerListener.log Argument de la ligne de commande : --add-opens=java.base/java.util.concurrent=ALL-UNNAMED
14-Mar-2025 11:26:33.830 INFO [main] org.apache.catalina.startup.VersionLoggerListener.log Argument de la ligne de commande : --add-opens=java.rmi/sun.rmi.transport=ALL-UNNAMED
14-Mar-2025 11:26:33.830 INFO [main] org.apache.catalina.startup.VersionLoggerListener.log Argument de la ligne de commande : -Dcatalina.home=C:\Program Files\Apache Software Foundation\Tomcat 9.0
14-Mar-2025 11:26:33.830 INFO [main] org.apache.catalina.startup.VersionLoggerListener.log Argument de la ligne de commande : -Dcatalina.base=C:\Users\abrad\IdeaProjects\GestionSalleSport
14-Mar-2025 11:26:33.830 INFO [main] org.apache.catalina.startup.VersionLoggerListener.log Argument de la ligne de commande : -Djava.io.tmpdir=C:\Users\abrad\IdeaProjects\GestionSalleSport\temp
14-Mar-2025 11:26:33.830 INFO [main] org.apache.catalina.startup.VersionLoggerListener.log Argument de la ligne de commande : -Djava.util.logging.config.file=C:\Users\abrad\IdeaProjects\GestionSalleSport\conf\logging.properties
14-Mar-2025 11:26:33.830 INFO [main] org.apache.catalina.startup.VersionLoggerListener.log Argument de la ligne de commande : -Djava.util.logging.manager=org.apache.juli.ClassLoaderLogManager
14-Mar-2025 11:26:33.830 INFO [main] org.apache.catalina.startup.VersionLoggerListener.log Argument de la ligne de commande : -javaagent:C:\Program Files\JetBrains\IntelliJ IDEA Community Edition 2024.3.1\lib\idea_rt.jar=57281:C:\Program Files\JetBrains\IntelliJ IDEA Community Edition 2024.3.1\bin
14-Mar-2025 11:26:33.830 INFO [main] org.apache.catalina.startup.VersionLoggerListener.log Argument de la ligne de commande : -Dfile.encoding=UTF-8
14-Mar-2025 11:26:33.830 INFO [main] org.apache.catalina.startup.VersionLoggerListener.log Argument de la ligne de commande : -Dsun.stdout.encoding=UTF-8
14-Mar-2025 11:26:33.830 INFO [main] org.apache.catalina.startup.VersionLoggerListener.log Argument de la ligne de commande : -Dsun.stderr.encoding=UTF-8
14-Mar-2025 11:26:33.834 INFO [main] org.apache.catalina.core.AprLifecycleListener.lifecycleEvent La librairie Apache Tomcat Native basée sur APR qui permet des performances optimales dans les environnements de production n'a pas été trouvée sur le java.library.path : [C:\Users\abrad\.jdks\openjdk-23.0.1\bin;C:\WINDOWS\Sun\Java\bin;C:\WINDOWS\system32;C:\WINDOWS;C:\Program Files\Common Files\Oracle\Java\javapath;C:\WINDOWS\system32;C:\WINDOWS;C:\WINDOWS\System32\Wbem;C:\WINDOWS\System32\WindowsPowerShell\v1.0\;C:\WINDOWS\System32\OpenSSH\;C:\MinGW\bin;C:\Program Files\Git\cmd;C:\Program Files\Java\jdk-23\bin;C:\Users\abrad\AppData\Local\Microsoft\WindowsApps;C:\Users\abrad\AppData\Local\Programs\Microsoft VS Code\bin;C:\MinGW\bin;;C:\Program Files\JetBrains\IntelliJ IDEA 2024.3.1\bin;;C:\Users\abrad\AppData\Local\JetBrains\IntelliJ IDEA Community Edition 2024.3.1\bin;;.]
14-Mar-2025 11:26:34.168 INFO [main] org.apache.coyote.AbstractProtocol.init Initialisation du gestionnaire de protocole ["http-nio-8099"]
14-Mar-2025 11:26:34.182 INFO [main] org.apache.catalina.startup.Catalina.load L'initialisation du serveur a pris [615] millisecondes
14-Mar-2025 11:26:34.251 INFO [main] org.apache.catalina.core.StandardService.startInternal Démarrage du service [Catalina]
14-Mar-2025 11:26:34.252 INFO [main] org.apache.catalina.core.StandardEngine.startInternal Démarrage du moteur de Servlets : [Apache Tomcat/9.0.99]
14-Mar-2025 11:26:34.259 INFO [main] org.apache.catalina.startup.HostConfig.deployDescriptor Déploiement du descripteur de configuration [C:\Users\abrad\IdeaProjects\GestionSalleSport\conf\Catalina\localhost\GestionSalleSport.xml]
14-Mar-2025 11:26:35.363 INFO [main] org.apache.jasper.servlet.TldScanner.scanJars Au moins un fichier JAR a été analysé pour trouver des TLDs mais il n'en contenait pas, le mode "debug" du journal peut être activé pour obtenir une liste complète de JAR scannés sans succès ; éviter d'analyser des JARs inutilement peut améliorer sensiblement le temps de démarrage et le temps de compilation des JSPs
14-Mar-2025 11:26:35.441 INFO [main] org.apache.catalina.startup.HostConfig.deployDescriptor Le traitement du descripteur de déploiement [C:\Users\abrad\IdeaProjects\GestionSalleSport\conf\Catalina\localhost\GestionSalleSport.xml] a pris [1 181] ms
14-Mar-2025 11:26:35.446 INFO [main] org.apache.coyote.AbstractProtocol.start Démarrage du gestionnaire de protocole ["http-nio-8099"]
14-Mar-2025 11:26:35.471 INFO [main] org.apache.catalina.startup.Catalina.start Le démarrage du serveur a pris [1287] millisecondes
14-Mar-2025 11:31:44.260 INFO [Thread-1] org.apache.coyote.AbstractProtocol.pause Le gestionnaire de protocole ["http-nio-8099"] est mis en pause
14-Mar-2025 11:31:44.264 INFO [Thread-1] org.apache.catalina.core.StandardService.stopInternal Arrêt du service [Catalina]
14-Mar-2025 11:31:44.278 INFO [Thread-1] org.apache.coyote.AbstractProtocol.stop Arrêt du gestionnaire de protocole ["http-nio-8099"]
14-Mar-2025 11:31:44.288 INFO [Thread-1] org.apache.coyote.AbstractProtocol.destroy Destruction du gestionnaire de protocole ["http-nio-8099"]
14-Mar-2025 11:31:48.363 INFO [main] org.apache.catalina.startup.VersionLoggerListener.log Nom version serveur :              Apache Tomcat/9.0.99
14-Mar-2025 11:31:48.367 INFO [main] org.apache.catalina.startup.VersionLoggerListener.log Serveur compilé :                  Feb 4 2025 20:08:08 UTC
14-Mar-2025 11:31:48.367 INFO [main] org.apache.catalina.startup.VersionLoggerListener.log Version du serveur :               9.0.99.0
14-Mar-2025 11:31:48.367 INFO [main] org.apache.catalina.startup.VersionLoggerListener.log Nom de l'OS :                      Windows 11
14-Mar-2025 11:31:48.367 INFO [main] org.apache.catalina.startup.VersionLoggerListener.log Version OS :                       10.0
14-Mar-2025 11:31:48.368 INFO [main] org.apache.catalina.startup.VersionLoggerListener.log Architecture :                     amd64
14-Mar-2025 11:31:48.368 INFO [main] org.apache.catalina.startup.VersionLoggerListener.log Java Home :                        C:\Users\abrad\.jdks\openjdk-23.0.1
14-Mar-2025 11:31:48.368 INFO [main] org.apache.catalina.startup.VersionLoggerListener.log Version JVM :                      23.0.1+11-39
14-Mar-2025 11:31:48.368 INFO [main] org.apache.catalina.startup.VersionLoggerListener.log Fournisseur de la JVM :            Oracle Corporation
14-Mar-2025 11:31:48.368 INFO [main] org.apache.catalina.startup.VersionLoggerListener.log CATALINA_BASE :                    C:\Users\abrad\IdeaProjects\GestionSalleSport
14-Mar-2025 11:31:48.368 INFO [main] org.apache.catalina.startup.VersionLoggerListener.log CATALINA_HOME :                    C:\Program Files\Apache Software Foundation\Tomcat 9.0
14-Mar-2025 11:31:48.375 INFO [main] org.apache.catalina.startup.VersionLoggerListener.log Argument de la ligne de commande : --add-opens=java.base/java.lang=ALL-UNNAMED
14-Mar-2025 11:31:48.375 INFO [main] org.apache.catalina.startup.VersionLoggerListener.log Argument de la ligne de commande : --add-opens=java.base/java.io=ALL-UNNAMED
14-Mar-2025 11:31:48.375 INFO [main] org.apache.catalina.startup.VersionLoggerListener.log Argument de la ligne de commande : --add-opens=java.base/java.util=ALL-UNNAMED
14-Mar-2025 11:31:48.375 INFO [main] org.apache.catalina.startup.VersionLoggerListener.log Argument de la ligne de commande : --add-opens=java.base/java.util.concurrent=ALL-UNNAMED
14-Mar-2025 11:31:48.376 INFO [main] org.apache.catalina.startup.VersionLoggerListener.log Argument de la ligne de commande : --add-opens=java.rmi/sun.rmi.transport=ALL-UNNAMED
14-Mar-2025 11:31:48.376 INFO [main] org.apache.catalina.startup.VersionLoggerListener.log Argument de la ligne de commande : -Dcatalina.home=C:\Program Files\Apache Software Foundation\Tomcat 9.0
14-Mar-2025 11:31:48.376 INFO [main] org.apache.catalina.startup.VersionLoggerListener.log Argument de la ligne de commande : -Dcatalina.base=C:\Users\abrad\IdeaProjects\GestionSalleSport
14-Mar-2025 11:31:48.376 INFO [main] org.apache.catalina.startup.VersionLoggerListener.log Argument de la ligne de commande : -Djava.io.tmpdir=C:\Users\abrad\IdeaProjects\GestionSalleSport\temp
14-Mar-2025 11:31:48.376 INFO [main] org.apache.catalina.startup.VersionLoggerListener.log Argument de la ligne de commande : -Djava.util.logging.config.file=C:\Users\abrad\IdeaProjects\GestionSalleSport\conf\logging.properties
14-Mar-2025 11:31:48.376 INFO [main] org.apache.catalina.startup.VersionLoggerListener.log Argument de la ligne de commande : -Djava.util.logging.manager=org.apache.juli.ClassLoaderLogManager
14-Mar-2025 11:31:48.376 INFO [main] org.apache.catalina.startup.VersionLoggerListener.log Argument de la ligne de commande : -javaagent:C:\Program Files\JetBrains\IntelliJ IDEA Community Edition 2024.3.1\lib\idea_rt.jar=57331:C:\Program Files\JetBrains\IntelliJ IDEA Community Edition 2024.3.1\bin
14-Mar-2025 11:31:48.376 INFO [main] org.apache.catalina.startup.VersionLoggerListener.log Argument de la ligne de commande : -Dfile.encoding=UTF-8
14-Mar-2025 11:31:48.376 INFO [main] org.apache.catalina.startup.VersionLoggerListener.log Argument de la ligne de commande : -Dsun.stdout.encoding=UTF-8
14-Mar-2025 11:31:48.376 INFO [main] org.apache.catalina.startup.VersionLoggerListener.log Argument de la ligne de commande : -Dsun.stderr.encoding=UTF-8
14-Mar-2025 11:31:48.380 INFO [main] org.apache.catalina.core.AprLifecycleListener.lifecycleEvent La librairie Apache Tomcat Native basée sur APR qui permet des performances optimales dans les environnements de production n'a pas été trouvée sur le java.library.path : [C:\Users\abrad\.jdks\openjdk-23.0.1\bin;C:\WINDOWS\Sun\Java\bin;C:\WINDOWS\system32;C:\WINDOWS;C:\Program Files\Common Files\Oracle\Java\javapath;C:\WINDOWS\system32;C:\WINDOWS;C:\WINDOWS\System32\Wbem;C:\WINDOWS\System32\WindowsPowerShell\v1.0\;C:\WINDOWS\System32\OpenSSH\;C:\MinGW\bin;C:\Program Files\Git\cmd;C:\Program Files\Java\jdk-23\bin;C:\Users\abrad\AppData\Local\Microsoft\WindowsApps;C:\Users\abrad\AppData\Local\Programs\Microsoft VS Code\bin;C:\MinGW\bin;;C:\Program Files\JetBrains\IntelliJ IDEA 2024.3.1\bin;;C:\Users\abrad\AppData\Local\JetBrains\IntelliJ IDEA Community Edition 2024.3.1\bin;;.]
14-Mar-2025 11:31:48.713 INFO [main] org.apache.coyote.AbstractProtocol.init Initialisation du gestionnaire de protocole ["http-nio-8099"]
14-Mar-2025 11:31:48.727 INFO [main] org.apache.catalina.startup.Catalina.load L'initialisation du serveur a pris [594] millisecondes
14-Mar-2025 11:31:48.789 INFO [main] org.apache.catalina.core.StandardService.startInternal Démarrage du service [Catalina]
14-Mar-2025 11:31:48.789 INFO [main] org.apache.catalina.core.StandardEngine.startInternal Démarrage du moteur de Servlets : [Apache Tomcat/9.0.99]
14-Mar-2025 11:31:48.800 INFO [main] org.apache.catalina.startup.HostConfig.deployDescriptor Déploiement du descripteur de configuration [C:\Users\abrad\IdeaProjects\GestionSalleSport\conf\Catalina\localhost\GestionSalleSport.xml]
14-Mar-2025 11:31:49.709 INFO [main] org.apache.jasper.servlet.TldScanner.scanJars Au moins un fichier JAR a été analysé pour trouver des TLDs mais il n'en contenait pas, le mode "debug" du journal peut être activé pour obtenir une liste complète de JAR scannés sans succès ; éviter d'analyser des JARs inutilement peut améliorer sensiblement le temps de démarrage et le temps de compilation des JSPs
14-Mar-2025 11:31:49.798 INFO [main] org.apache.catalina.startup.HostConfig.deployDescriptor Le traitement du descripteur de déploiement [C:\Users\abrad\IdeaProjects\GestionSalleSport\conf\Catalina\localhost\GestionSalleSport.xml] a pris [996] ms
14-Mar-2025 11:31:49.803 INFO [main] org.apache.coyote.AbstractProtocol.start Démarrage du gestionnaire de protocole ["http-nio-8099"]
14-Mar-2025 11:31:49.820 INFO [main] org.apache.catalina.startup.Catalina.start Le démarrage du serveur a pris [1090] millisecondes
14-Mar-2025 11:37:49.978 INFO [Thread-1] org.apache.coyote.AbstractProtocol.pause Le gestionnaire de protocole ["http-nio-8099"] est mis en pause
14-Mar-2025 11:37:49.984 INFO [Thread-1] org.apache.catalina.core.StandardService.stopInternal Arrêt du service [Catalina]
14-Mar-2025 11:37:49.997 INFO [Thread-1] org.apache.coyote.AbstractProtocol.stop Arrêt du gestionnaire de protocole ["http-nio-8099"]
14-Mar-2025 11:37:50.008 INFO [Thread-1] org.apache.coyote.AbstractProtocol.destroy Destruction du gestionnaire de protocole ["http-nio-8099"]
14-Mar-2025 11:37:52.966 INFO [main] org.apache.catalina.startup.VersionLoggerListener.log Nom version serveur :              Apache Tomcat/9.0.99
14-Mar-2025 11:37:52.970 INFO [main] org.apache.catalina.startup.VersionLoggerListener.log Serveur compilé :                  Feb 4 2025 20:08:08 UTC
14-Mar-2025 11:37:52.970 INFO [main] org.apache.catalina.startup.VersionLoggerListener.log Version du serveur :               9.0.99.0
14-Mar-2025 11:37:52.970 INFO [main] org.apache.catalina.startup.VersionLoggerListener.log Nom de l'OS :                      Windows 11
14-Mar-2025 11:37:52.970 INFO [main] org.apache.catalina.startup.VersionLoggerListener.log Version OS :                       10.0
14-Mar-2025 11:37:52.970 INFO [main] org.apache.catalina.startup.VersionLoggerListener.log Architecture :                     amd64
14-Mar-2025 11:37:52.970 INFO [main] org.apache.catalina.startup.VersionLoggerListener.log Java Home :                        C:\Users\abrad\.jdks\openjdk-23.0.1
14-Mar-2025 11:37:52.970 INFO [main] org.apache.catalina.startup.VersionLoggerListener.log Version JVM :                      23.0.1+11-39
14-Mar-2025 11:37:52.970 INFO [main] org.apache.catalina.startup.VersionLoggerListener.log Fournisseur de la JVM :            Oracle Corporation
14-Mar-2025 11:37:52.971 INFO [main] org.apache.catalina.startup.VersionLoggerListener.log CATALINA_BASE :                    C:\Users\abrad\IdeaProjects\GestionSalleSport
14-Mar-2025 11:37:52.971 INFO [main] org.apache.catalina.startup.VersionLoggerListener.log CATALINA_HOME :                    C:\Program Files\Apache Software Foundation\Tomcat 9.0
14-Mar-2025 11:37:52.976 INFO [main] org.apache.catalina.startup.VersionLoggerListener.log Argument de la ligne de commande : --add-opens=java.base/java.lang=ALL-UNNAMED
14-Mar-2025 11:37:52.976 INFO [main] org.apache.catalina.startup.VersionLoggerListener.log Argument de la ligne de commande : --add-opens=java.base/java.io=ALL-UNNAMED
14-Mar-2025 11:37:52.976 INFO [main] org.apache.catalina.startup.VersionLoggerListener.log Argument de la ligne de commande : --add-opens=java.base/java.util=ALL-UNNAMED
14-Mar-2025 11:37:52.976 INFO [main] org.apache.catalina.startup.VersionLoggerListener.log Argument de la ligne de commande : --add-opens=java.base/java.util.concurrent=ALL-UNNAMED
14-Mar-2025 11:37:52.976 INFO [main] org.apache.catalina.startup.VersionLoggerListener.log Argument de la ligne de commande : --add-opens=java.rmi/sun.rmi.transport=ALL-UNNAMED
14-Mar-2025 11:37:52.976 INFO [main] org.apache.catalina.startup.VersionLoggerListener.log Argument de la ligne de commande : -Dcatalina.home=C:\Program Files\Apache Software Foundation\Tomcat 9.0
14-Mar-2025 11:37:52.976 INFO [main] org.apache.catalina.startup.VersionLoggerListener.log Argument de la ligne de commande : -Dcatalina.base=C:\Users\abrad\IdeaProjects\GestionSalleSport
14-Mar-2025 11:37:52.977 INFO [main] org.apache.catalina.startup.VersionLoggerListener.log Argument de la ligne de commande : -Djava.io.tmpdir=C:\Users\abrad\IdeaProjects\GestionSalleSport\temp
14-Mar-2025 11:37:52.977 INFO [main] org.apache.catalina.startup.VersionLoggerListener.log Argument de la ligne de commande : -Djava.util.logging.config.file=C:\Users\abrad\IdeaProjects\GestionSalleSport\conf\logging.properties
14-Mar-2025 11:37:52.977 INFO [main] org.apache.catalina.startup.VersionLoggerListener.log Argument de la ligne de commande : -Djava.util.logging.manager=org.apache.juli.ClassLoaderLogManager
14-Mar-2025 11:37:52.977 INFO [main] org.apache.catalina.startup.VersionLoggerListener.log Argument de la ligne de commande : -javaagent:C:\Program Files\JetBrains\IntelliJ IDEA Community Edition 2024.3.1\lib\idea_rt.jar=57371:C:\Program Files\JetBrains\IntelliJ IDEA Community Edition 2024.3.1\bin
14-Mar-2025 11:37:52.977 INFO [main] org.apache.catalina.startup.VersionLoggerListener.log Argument de la ligne de commande : -Dfile.encoding=UTF-8
14-Mar-2025 11:37:52.977 INFO [main] org.apache.catalina.startup.VersionLoggerListener.log Argument de la ligne de commande : -Dsun.stdout.encoding=UTF-8
14-Mar-2025 11:37:52.978 INFO [main] org.apache.catalina.startup.VersionLoggerListener.log Argument de la ligne de commande : -Dsun.stderr.encoding=UTF-8
14-Mar-2025 11:37:52.982 INFO [main] org.apache.catalina.core.AprLifecycleListener.lifecycleEvent La librairie Apache Tomcat Native basée sur APR qui permet des performances optimales dans les environnements de production n'a pas été trouvée sur le java.library.path : [C:\Users\abrad\.jdks\openjdk-23.0.1\bin;C:\WINDOWS\Sun\Java\bin;C:\WINDOWS\system32;C:\WINDOWS;C:\Program Files\Common Files\Oracle\Java\javapath;C:\WINDOWS\system32;C:\WINDOWS;C:\WINDOWS\System32\Wbem;C:\WINDOWS\System32\WindowsPowerShell\v1.0\;C:\WINDOWS\System32\OpenSSH\;C:\MinGW\bin;C:\Program Files\Git\cmd;C:\Program Files\Java\jdk-23\bin;C:\Users\abrad\AppData\Local\Microsoft\WindowsApps;C:\Users\abrad\AppData\Local\Programs\Microsoft VS Code\bin;C:\MinGW\bin;;C:\Program Files\JetBrains\IntelliJ IDEA 2024.3.1\bin;;C:\Users\abrad\AppData\Local\JetBrains\IntelliJ IDEA Community Edition 2024.3.1\bin;;.]
14-Mar-2025 11:37:53.326 INFO [main] org.apache.coyote.AbstractProtocol.init Initialisation du gestionnaire de protocole ["http-nio-8099"]
14-Mar-2025 11:37:53.343 INFO [main] org.apache.catalina.startup.Catalina.load L'initialisation du serveur a pris [600] millisecondes
14-Mar-2025 11:37:53.407 INFO [main] org.apache.catalina.core.StandardService.startInternal Démarrage du service [Catalina]
14-Mar-2025 11:37:53.408 INFO [main] org.apache.catalina.core.StandardEngine.startInternal Démarrage du moteur de Servlets : [Apache Tomcat/9.0.99]
14-Mar-2025 11:37:53.422 INFO [main] org.apache.catalina.startup.HostConfig.deployDescriptor Déploiement du descripteur de configuration [C:\Users\abrad\IdeaProjects\GestionSalleSport\conf\Catalina\localhost\GestionSalleSport.xml]
14-Mar-2025 11:37:54.295 INFO [main] org.apache.jasper.servlet.TldScanner.scanJars Au moins un fichier JAR a été analysé pour trouver des TLDs mais il n'en contenait pas, le mode "debug" du journal peut être activé pour obtenir une liste complète de JAR scannés sans succès ; éviter d'analyser des JARs inutilement peut améliorer sensiblement le temps de démarrage et le temps de compilation des JSPs
14-Mar-2025 11:37:54.377 INFO [main] org.apache.catalina.startup.HostConfig.deployDescriptor Le traitement du descripteur de déploiement [C:\Users\abrad\IdeaProjects\GestionSalleSport\conf\Catalina\localhost\GestionSalleSport.xml] a pris [953] ms
14-Mar-2025 11:37:54.383 INFO [main] org.apache.coyote.AbstractProtocol.start Démarrage du gestionnaire de protocole ["http-nio-8099"]
14-Mar-2025 11:37:54.405 INFO [main] org.apache.catalina.startup.Catalina.start Le démarrage du serveur a pris [1060] millisecondes
14-Mar-2025 11:42:26.190 INFO [Thread-1] org.apache.coyote.AbstractProtocol.pause Le gestionnaire de protocole ["http-nio-8099"] est mis en pause
14-Mar-2025 11:42:26.196 INFO [Thread-1] org.apache.catalina.core.StandardService.stopInternal Arrêt du service [Catalina]
14-Mar-2025 11:42:26.209 INFO [Thread-1] org.apache.coyote.AbstractProtocol.stop Arrêt du gestionnaire de protocole ["http-nio-8099"]
14-Mar-2025 11:42:26.234 INFO [Thread-1] org.apache.coyote.AbstractProtocol.destroy Destruction du gestionnaire de protocole ["http-nio-8099"]
14-Mar-2025 11:42:28.908 INFO [main] org.apache.catalina.startup.VersionLoggerListener.log Nom version serveur :              Apache Tomcat/9.0.99
14-Mar-2025 11:42:28.912 INFO [main] org.apache.catalina.startup.VersionLoggerListener.log Serveur compilé :                  Feb 4 2025 20:08:08 UTC
14-Mar-2025 11:42:28.912 INFO [main] org.apache.catalina.startup.VersionLoggerListener.log Version du serveur :               9.0.99.0
14-Mar-2025 11:42:28.912 INFO [main] org.apache.catalina.startup.VersionLoggerListener.log Nom de l'OS :                      Windows 11
14-Mar-2025 11:42:28.912 INFO [main] org.apache.catalina.startup.VersionLoggerListener.log Version OS :                       10.0
14-Mar-2025 11:42:28.913 INFO [main] org.apache.catalina.startup.VersionLoggerListener.log Architecture :                     amd64
14-Mar-2025 11:42:28.913 INFO [main] org.apache.catalina.startup.VersionLoggerListener.log Java Home :                        C:\Users\abrad\.jdks\openjdk-23.0.1
14-Mar-2025 11:42:28.913 INFO [main] org.apache.catalina.startup.VersionLoggerListener.log Version JVM :                      23.0.1+11-39
14-Mar-2025 11:42:28.913 INFO [main] org.apache.catalina.startup.VersionLoggerListener.log Fournisseur de la JVM :            Oracle Corporation
14-Mar-2025 11:42:28.913 INFO [main] org.apache.catalina.startup.VersionLoggerListener.log CATALINA_BASE :                    C:\Users\abrad\IdeaProjects\GestionSalleSport
14-Mar-2025 11:42:28.913 INFO [main] org.apache.catalina.startup.VersionLoggerListener.log CATALINA_HOME :                    C:\Program Files\Apache Software Foundation\Tomcat 9.0
14-Mar-2025 11:42:28.931 INFO [main] org.apache.catalina.startup.VersionLoggerListener.log Argument de la ligne de commande : --add-opens=java.base/java.lang=ALL-UNNAMED
14-Mar-2025 11:42:28.931 INFO [main] org.apache.catalina.startup.VersionLoggerListener.log Argument de la ligne de commande : --add-opens=java.base/java.io=ALL-UNNAMED
14-Mar-2025 11:42:28.931 INFO [main] org.apache.catalina.startup.VersionLoggerListener.log Argument de la ligne de commande : --add-opens=java.base/java.util=ALL-UNNAMED
14-Mar-2025 11:42:28.932 INFO [main] org.apache.catalina.startup.VersionLoggerListener.log Argument de la ligne de commande : --add-opens=java.base/java.util.concurrent=ALL-UNNAMED
14-Mar-2025 11:42:28.932 INFO [main] org.apache.catalina.startup.VersionLoggerListener.log Argument de la ligne de commande : --add-opens=java.rmi/sun.rmi.transport=ALL-UNNAMED
14-Mar-2025 11:42:28.932 INFO [main] org.apache.catalina.startup.VersionLoggerListener.log Argument de la ligne de commande : -agentlib:jdwp=transport=dt_socket,address=127.0.0.1:57419,suspend=y,server=n
14-Mar-2025 11:42:28.932 INFO [main] org.apache.catalina.startup.VersionLoggerListener.log Argument de la ligne de commande : -Dcatalina.home=C:\Program Files\Apache Software Foundation\Tomcat 9.0
14-Mar-2025 11:42:28.932 INFO [main] org.apache.catalina.startup.VersionLoggerListener.log Argument de la ligne de commande : -Dcatalina.base=C:\Users\abrad\IdeaProjects\GestionSalleSport
14-Mar-2025 11:42:28.932 INFO [main] org.apache.catalina.startup.VersionLoggerListener.log Argument de la ligne de commande : -Djava.io.tmpdir=C:\Users\abrad\IdeaProjects\GestionSalleSport\temp
14-Mar-2025 11:42:28.932 INFO [main] org.apache.catalina.startup.VersionLoggerListener.log Argument de la ligne de commande : -Djava.util.logging.config.file=C:\Users\abrad\IdeaProjects\GestionSalleSport\conf\logging.properties
14-Mar-2025 11:42:28.932 INFO [main] org.apache.catalina.startup.VersionLoggerListener.log Argument de la ligne de commande : -Djava.util.logging.manager=org.apache.juli.ClassLoaderLogManager
14-Mar-2025 11:42:28.932 INFO [main] org.apache.catalina.startup.VersionLoggerListener.log Argument de la ligne de commande : -javaagent:C:\Users\abrad\AppData\Local\JetBrains\IdeaIC2024.3\captureAgent\debugger-agent.jar
14-Mar-2025 11:42:28.932 INFO [main] org.apache.catalina.startup.VersionLoggerListener.log Argument de la ligne de commande : -Dkotlinx.coroutines.debug.enable.creation.stack.trace=false
14-Mar-2025 11:42:28.933 INFO [main] org.apache.catalina.startup.VersionLoggerListener.log Argument de la ligne de commande : -Ddebugger.agent.enable.coroutines=true
14-Mar-2025 11:42:28.933 INFO [main] org.apache.catalina.startup.VersionLoggerListener.log Argument de la ligne de commande : -Dkotlinx.coroutines.debug.enable.flows.stack.trace=true
14-Mar-2025 11:42:28.933 INFO [main] org.apache.catalina.startup.VersionLoggerListener.log Argument de la ligne de commande : -Dkotlinx.coroutines.debug.enable.mutable.state.flows.stack.trace=true
14-Mar-2025 11:42:28.933 INFO [main] org.apache.catalina.startup.VersionLoggerListener.log Argument de la ligne de commande : -Dfile.encoding=UTF-8
14-Mar-2025 11:42:28.933 INFO [main] org.apache.catalina.startup.VersionLoggerListener.log Argument de la ligne de commande : -Dsun.stdout.encoding=UTF-8
14-Mar-2025 11:42:28.933 INFO [main] org.apache.catalina.startup.VersionLoggerListener.log Argument de la ligne de commande : -Dsun.stderr.encoding=UTF-8
14-Mar-2025 11:42:28.938 INFO [main] org.apache.catalina.core.AprLifecycleListener.lifecycleEvent La librairie Apache Tomcat Native basée sur APR qui permet des performances optimales dans les environnements de production n'a pas été trouvée sur le java.library.path : [C:\Users\abrad\.jdks\openjdk-23.0.1\bin;C:\WINDOWS\Sun\Java\bin;C:\WINDOWS\system32;C:\WINDOWS;C:\Program Files\Common Files\Oracle\Java\javapath;C:\WINDOWS\system32;C:\WINDOWS;C:\WINDOWS\System32\Wbem;C:\WINDOWS\System32\WindowsPowerShell\v1.0\;C:\WINDOWS\System32\OpenSSH\;C:\MinGW\bin;C:\Program Files\Git\cmd;C:\Program Files\Java\jdk-23\bin;C:\Users\abrad\AppData\Local\Microsoft\WindowsApps;C:\Users\abrad\AppData\Local\Programs\Microsoft VS Code\bin;C:\MinGW\bin;;C:\Program Files\JetBrains\IntelliJ IDEA 2024.3.1\bin;;C:\Users\abrad\AppData\Local\JetBrains\IntelliJ IDEA Community Edition 2024.3.1\bin;;.]
14-Mar-2025 11:42:29.267 INFO [main] org.apache.coyote.AbstractProtocol.init Initialisation du gestionnaire de protocole ["http-nio-8099"]
14-Mar-2025 11:42:29.290 INFO [main] org.apache.catalina.startup.Catalina.load L'initialisation du serveur a pris [661] millisecondes
14-Mar-2025 11:42:29.347 INFO [main] org.apache.catalina.core.StandardService.startInternal Démarrage du service [Catalina]
14-Mar-2025 11:42:29.347 INFO [main] org.apache.catalina.core.StandardEngine.startInternal Démarrage du moteur de Servlets : [Apache Tomcat/9.0.99]
14-Mar-2025 11:42:29.366 INFO [main] org.apache.catalina.startup.HostConfig.deployDescriptor Déploiement du descripteur de configuration [C:\Users\abrad\IdeaProjects\GestionSalleSport\conf\Catalina\localhost\GestionSalleSport.xml]
14-Mar-2025 11:42:30.255 INFO [main] org.apache.jasper.servlet.TldScanner.scanJars Au moins un fichier JAR a été analysé pour trouver des TLDs mais il n'en contenait pas, le mode "debug" du journal peut être activé pour obtenir une liste complète de JAR scannés sans succès ; éviter d'analyser des JARs inutilement peut améliorer sensiblement le temps de démarrage et le temps de compilation des JSPs
14-Mar-2025 11:42:30.347 INFO [main] org.apache.catalina.startup.HostConfig.deployDescriptor Le traitement du descripteur de déploiement [C:\Users\abrad\IdeaProjects\GestionSalleSport\conf\Catalina\localhost\GestionSalleSport.xml] a pris [979] ms
14-Mar-2025 11:42:30.351 INFO [main] org.apache.coyote.AbstractProtocol.start Démarrage du gestionnaire de protocole ["http-nio-8099"]
14-Mar-2025 11:42:30.373 INFO [main] org.apache.catalina.startup.Catalina.start Le démarrage du serveur a pris [1081] millisecondes
14-Mar-2025 11:47:49.282 INFO [Thread-1] org.apache.coyote.AbstractProtocol.pause Le gestionnaire de protocole ["http-nio-8099"] est mis en pause
14-Mar-2025 11:47:49.287 INFO [Thread-1] org.apache.catalina.core.StandardService.stopInternal Arrêt du service [Catalina]
14-Mar-2025 11:47:49.292 WARNING [Thread-1] org.apache.catalina.loader.WebappClassLoaderBase.clearReferencesJdbc L'application web [GestionSalleSport] a enregistré un pilote JDBC [com.mysql.cj.jdbc.Driver], mais ne l'a pas désenregistré avant l'arrêt de l'application.  Pour éviter une fuite de mémoire, le pilote JDBC a été désenregistré de force.
14-Mar-2025 11:47:49.293 WARNING [Thread-1] org.apache.catalina.loader.WebappClassLoaderBase.clearReferencesThreads L'application web [GestionSalleSport] semble avoir démarré un thread nommé [mysql-cj-abandoned-connection-cleanup] mais ne l'a pas arrêté, ce qui va probablement créer une fuite de mémoire ; la trace du thread est : 
 java.base/jdk.internal.misc.Unsafe.park(Native Method)
 java.base/java.util.concurrent.locks.LockSupport.parkNanos(LockSupport.java:269)
 java.base/java.util.concurrent.locks.AbstractQueuedSynchronizer$ConditionObject.await(AbstractQueuedSynchronizer.java:1852)
 java.base/java.lang.ref.ReferenceQueue.await(ReferenceQueue.java:79)
 java.base/java.lang.ref.ReferenceQueue.remove0(ReferenceQueue.java:151)
 java.base/java.lang.ref.ReferenceQueue.remove(ReferenceQueue.java:229)
 com.mysql.cj.jdbc.AbandonedConnectionCleanupThread.run(AbandonedConnectionCleanupThread.java:91)
 java.base/java.util.concurrent.ThreadPoolExecutor.runWorker(ThreadPoolExecutor.java:1144)
 java.base/java.util.concurrent.ThreadPoolExecutor$Worker.run(ThreadPoolExecutor.java:642)
 java.base/java.lang.Thread.run(Thread.java:1575)
14-Mar-2025 11:47:49.298 INFO [Thread-1] org.apache.coyote.AbstractProtocol.stop Arrêt du gestionnaire de protocole ["http-nio-8099"]
14-Mar-2025 11:47:49.315 INFO [Thread-1] org.apache.coyote.AbstractProtocol.destroy Destruction du gestionnaire de protocole ["http-nio-8099"]
